name: train
run_id: commands[0]
env APPDATA: C:\Users\tanmo\AppData\Roaming
env COMSPEC: C:\WINDOWS\system32\cmd.exe
env HOME: C:\Users\tanmo
env MSYSTEM: MINGW64
env NUMBER_OF_PROCESSORS: 4
env PATHEXT: .COM;.EXE;.BAT;.CMD;.VBS;.VBE;.JS;.JSE;.WSF;.WSH;.MSC
env PKG_CONFIG_PATH: C:\Program Files\Git\mingw64\lib\pkgconfig;C:\Program Files\Git\mingw64\share\pkgconfig
env PROCESSOR_ARCHITECTURE: AMD64
env PROGRAMFILES: C:\Program Files
env PROGRAMDATA: C:\ProgramData
env PROGRAMFILES(X86): C:\Program Files (x86)
env SYSTEMDRIVE: C:
env SYSTEMROOT: C:\WINDOWS
env TEMP: C:\Users\tanmo\AppData\Local\Temp
env TMP: C:\Users\tanmo\AppData\Local\Temp
env USERPROFILE: C:\Users\tanmo
env WINDIR: C:\WINDOWS
env PATH: C:\Users\tanmo\Downloads\My_Projects_in_Github\Titanic_Classification_Model_section_05\.tox\test_package\Scripts;C:\Users\tanmo\bin;C:\Program Files\Git\mingw64\bin;C:\Program Files\Git\usr\local\bin;C:\Program Files\Git\usr\bin;C:\WINDOWS\system32;C:\WINDOWS;C:\WINDOWS\System32\Wbem;C:\WINDOWS\System32\WindowsPowerShell\v1.0;C:\WINDOWS\System32\OpenSSH;C:\Program Files\Microsoft SQL Server\110\Tools\Binn;C:\Program Files (x86)\Microsoft SQL Server\160\Tools\Binn;C:\Program Files\Microsoft SQL Server\160\Tools\Binn;C:\Program Files\Microsoft SQL Server\Client SDK\ODBC\170\Tools\Binn;C:\Program Files\Microsoft SQL Server\160\DTS\Binn;C:\Program Files (x86)\Microsoft SQL Server\160\DTS\Binn;C:\Program Files\Azure Data Studio\bin;PS C;C:\Program Files\Git\Users\tanmo\OneDrive\Desktop\Python projects;C:\Program Files\HP\HP One Agent;C:\Program Files\Git\cmd;C:\Users\tanmo\AppData\Local\Programs\Python\Python39\Scripts;C:\Users\tanmo\AppData\Local\Programs\Python\Python39;C:\Users\tanmo\AppData\Local\Microsoft\WindowsApps;C:\Users\tanmo\AppData\Local\Programs\Python\Python312;C:\Users\tanmo\AppData\Local\Programs\Python\Python312\Scripts;C:\Users\tanmo\AppData\Local\Programs\Microsoft VS Code\bin;C:\Program Files\Git\usr\bin\vendor_perl;C:\Program Files\Git\usr\bin\core_perl
env PYTHONHASHSEED: 721
env PIP_DISABLE_PIP_VERSION_CHECK: 1
env PYTHONIOENCODING: utf-8
env PYTHONPATH: .
env TOX_ENV_NAME: train
env TOX_WORK_DIR: C:\Users\tanmo\Downloads\My_Projects_in_Github\Titanic_Classification_Model_section_05\.tox
env TOX_ENV_DIR: C:\Users\tanmo\Downloads\My_Projects_in_Github\Titanic_Classification_Model_section_05\.tox\test_package
env VIRTUAL_ENV: C:\Users\tanmo\Downloads\My_Projects_in_Github\Titanic_Classification_Model_section_05\.tox\test_package
metadata pid: 17524
cwd: C:\Users\tanmo\Downloads\My_Projects_in_Github\Titanic_Classification_Model_section_05
allow: C:\Users\tanmo\Downloads\My_Projects_in_Github\Titanic_Classification_Model_section_05\.tox\test_package\Scripts\*
cmd: python classification_model/train_pipeline.py
exit_code: 0
